<?xml version="1.0" encoding="UTF-8"?>
<!-- Generated by org.testng.reporters.JUnitXMLReporter -->
<testsuite ignored="0" hostname="Shri" failures="0" tests="3" name="Surefire test" time="37.006" errors="0" timestamp="2024-05-09T22:56:47 IST">
  <testcase classname="com.test.TestCase" name="verifyEmailAndPassRequriedOrNot" time="16.962"/>
  <testcase classname="com.test.TestCase" name="verifyMaritalStatusRequriedOrNot" time="9.766"/>
  <testcase classname="com.test.TestCase" name="verifyMobilenum" time="10.226"/>
</testsuite> <!-- Surefire test -->
